{
    "Global Quote": {
        "01. symbol": "AAPL",
        "02. open": "239.7700",
        "03. high": "250.0000",
        "04. low": "237.1200",
        "05. price": "246.6700",
        "06. volume": "74377540",
        "07. latest trading day": "2020-03-18",
        "08. previous close": "252.8600",
        "09. change": "-6.1900",
        "10. change percent": "-2.4480%"
    }
}{
    "Global Quote": {
        "01. symbol": "AAPL",
        "02. open": "239.7700",
        "03. high": "250.0000",
        "04. low": "237.1200",
        "05. price": "246.6700",
        "06. volume": "74377540",
        "07. latest trading day": "2020-03-18",
        "08. previous close": "252.8600",
        "09. change": "-6.1900",
        "10. change percent": "-2.4480%"
    }
}{
    "Global Quote": {
        "01. symbol": "AAPL",
        "02. open": "239.7700",
        "03. high": "250.0000",
        "04. low": "237.1200",
        "05. price": "246.6700",
        "06. volume": "74377540",
        "07. latest trading day": "2020-03-18",
        "08. previous close": "252.8600",
        "09. change": "-6.1900",
        "10. change percent": "-2.4480%"
    }
}{
    "Global Quote": {
        "01. symbol": "AAPL",
        "02. open": "239.7700",
        "03. high": "250.0000",
        "04. low": "237.1200",
        "05. price": "246.6700",
        "06. volume": "74377540",
        "07. latest trading day": "2020-03-18",
        "08. previous close": "252.8600",
        "09. change": "-6.1900",
        "10. change percent": "-2.4480%"
    }
}{
    "Global Quote": {
        "01. symbol": "AAPL",
        "02. open": "239.7700",
        "03. high": "250.0000",
        "04. low": "237.1200",
        "05. price": "246.6700",
        "06. volume": "74377540",
        "07. latest trading day": "2020-03-18",
        "08. previous close": "252.8600",
        "09. change": "-6.1900",
        "10. change percent": "-2.4480%"
    }
}{
    "Global Quote": {
        "01. symbol": "AAPL",
        "02. open": "239.7700",
        "03. high": "250.0000",
        "04. low": "237.1200",
        "05. price": "246.6700",
        "06. volume": "74377540",
        "07. latest trading day": "2020-03-18",
        "08. previous close": "252.8600",
        "09. change": "-6.1900",
        "10. change percent": "-2.4480%"
    }
}